# JRE version: OpenJDK Runtime Environment Temurin-17.0.7+7 (17.0.7+7) (build 17.0.7+7)
# Java VM: OpenJDK 64-Bit Server VM Temurin-17.0.7+7 (17.0.7+7, mixed mode, sharing, tiered, compressed oops, compressed class ptrs, g1 gc, windows-amd64)
GC Precious Log:
 CPUs: 4 total, 4 available
 Memory: 16263M
 Large Page Support: Disabled
 NUMA Support: Disabled
 Compressed Oops: Enabled (Zero based)
 Heap Region Size: 2M
 Heap Min Capacity: 8M
 Heap Initial Capacity: 256M
 Heap Max Capacity: 4066M
 Pre-touch: Disabled
 Parallel Workers: 4
 Concurrent Workers: 1
 Concurrent Refinement Workers: 4
 Periodic GC: Disabled
Heap:
 garbage-first heap   total 561152K, used 440607K [0x0000000701e00000, 0x0000000800000000)
  region size 2048K, 30 young (61440K), 4 survivors (8192K)
 Metaspace       used 157226K, committed 158272K, reserved 1245184K
  class space    used 20016K, committed 20480K, reserved 1048576K
GC Heap History (20 events):
Event: 77.883 GC heap before
{Heap before GC invocations=55 (full 0):
 garbage-first heap   total 561152K, used 379904K [0x0000000701e00000, 0x0000000800000000)
  region size 2048K, 45 young (92160K), 2 survivors (4096K)
 Metaspace       used 107456K, committed 108416K, reserved 1179648K
  class space    used 14200K, committed 14656K, reserved 1048576K
}
Event: 77.965 GC heap after
{Heap after GC invocations=56 (full 0):
 garbage-first heap   total 561152K, used 346112K [0x0000000701e00000, 0x0000000800000000)
  region size 2048K, 6 young (12288K), 6 survivors (12288K)
 Metaspace       used 107456K, committed 108416K, reserved 1179648K
  class space    used 14200K, committed 14656K, reserved 1048576K
}
Event: 88.634 GC heap before
{Heap before GC invocations=56 (full 0):
 garbage-first heap   total 561152K, used 413696K [0x0000000701e00000, 0x0000000800000000)
  region size 2048K, 39 young (79872K), 6 survivors (12288K)
 Metaspace       used 109520K, committed 110400K, reserved 1179648K
  class space    used 14376K, committed 14784K, reserved 1048576K
}
Event: 88.667 GC heap after
{Heap after GC invocations=57 (full 0):
 garbage-first heap   total 561152K, used 358400K [0x0000000701e00000, 0x0000000800000000)
  region size 2048K, 5 young (10240K), 5 survivors (10240K)
 Metaspace       used 109520K, committed 110400K, reserved 1179648K
  class space    used 14376K, committed 14784K, reserved 1048576K
}
Event: 93.019 GC heap before
{Heap before GC invocations=57 (full 0):
 garbage-first heap   total 561152K, used 425984K [0x0000000701e00000, 0x0000000800000000)
  region size 2048K, 38 young (77824K), 5 survivors (10240K)
 Metaspace       used 114298K, committed 115264K, reserved 1179648K
  class space    used 14922K, committed 15360K, reserved 1048576K
}
Event: 93.027 GC heap after
{Heap after GC invocations=58 (full 0):
 garbage-first heap   total 561152K, used 355057K [0x0000000701e00000, 0x0000000800000000)
  region size 2048K, 1 young (2048K), 1 survivors (2048K)
 Metaspace       used 114298K, committed 115264K, reserved 1179648K
  class space    used 14922K, committed 15360K, reserved 1048576K
}
Event: 100.087 GC heap before
{Heap before GC invocations=58 (full 0):
 garbage-first heap   total 561152K, used 428785K [0x0000000701e00000, 0x0000000800000000)
  region size 2048K, 37 young (75776K), 1 survivors (2048K)
 Metaspace       used 114298K, committed 115264K, reserved 1179648K
  class space    used 14922K, committed 15360K, reserved 1048576K
}
Event: 100.089 GC heap after
{Heap after GC invocations=59 (full 0):
 garbage-first heap   total 561152K, used 353873K [0x0000000701e00000, 0x0000000800000000)
  region size 2048K, 1 young (2048K), 1 survivors (2048K)
 Metaspace       used 114298K, committed 115264K, reserved 1179648K
  class space    used 14922K, committed 15360K, reserved 1048576K
}
Event: 104.914 GC heap before
{Heap before GC invocations=59 (full 0):
 garbage-first heap   total 561152K, used 435793K [0x0000000701e00000, 0x0000000800000000)
  region size 2048K, 41 young (83968K), 1 survivors (2048K)
 Metaspace       used 114298K, committed 115264K, reserved 1179648K
  class space    used 14922K, committed 15360K, reserved 1048576K
}
Event: 104.915 GC heap after
{Heap after GC invocations=60 (full 0):
 garbage-first heap   total 561152K, used 353766K [0x0000000701e00000, 0x0000000800000000)
  region size 2048K, 1 young (2048K), 1 survivors (2048K)
 Metaspace       used 114298K, committed 115264K, reserved 1179648K
  class space    used 14922K, committed 15360K, reserved 1048576K
}
Event: 107.754 GC heap before
{Heap before GC invocations=60 (full 0):
 garbage-first heap   total 561152K, used 443878K [0x0000000701e00000, 0x0000000800000000)
  region size 2048K, 45 young (92160K), 1 survivors (2048K)
 Metaspace       used 122924K, committed 123904K, reserved 1179648K
  class space    used 16005K, committed 16448K, reserved 1048576K
}
Event: 107.758 GC heap after
{Heap after GC invocations=61 (full 0):
 garbage-first heap   total 561152K, used 354984K [0x0000000701e00000, 0x0000000800000000)
  region size 2048K, 1 young (2048K), 1 survivors (2048K)
 Metaspace       used 122924K, committed 123904K, reserved 1179648K
  class space    used 16005K, committed 16448K, reserved 1048576K
}
Event: 108.541 GC heap before
{Heap before GC invocations=61 (full 0):
 garbage-first heap   total 561152K, used 453288K [0x0000000701e00000, 0x0000000800000000)
  region size 2048K, 49 young (100352K), 1 survivors (2048K)
 Metaspace       used 124220K, committed 125248K, reserved 1179648K
  class space    used 16123K, committed 16576K, reserved 1048576K
}
Event: 108.554 GC heap after
{Heap after GC invocations=62 (full 0):
 garbage-first heap   total 561152K, used 368581K [0x0000000701e00000, 0x0000000800000000)
  region size 2048K, 7 young (14336K), 7 survivors (14336K)
 Metaspace       used 124220K, committed 125248K, reserved 1179648K
  class space    used 16123K, committed 16576K, reserved 1048576K
}
Event: 110.985 GC heap before
{Heap before GC invocations=62 (full 0):
 garbage-first heap   total 561152K, used 458693K [0x0000000701e00000, 0x0000000800000000)
  region size 2048K, 51 young (104448K), 7 survivors (14336K)
 Metaspace       used 128971K, committed 130048K, reserved 1179648K
  class space    used 16629K, committed 17088K, reserved 1048576K
}
Event: 111.010 GC heap after
{Heap after GC invocations=63 (full 0):
 garbage-first heap   total 561152K, used 382231K [0x0000000701e00000, 0x0000000800000000)
  region size 2048K, 7 young (14336K), 7 survivors (14336K)
 Metaspace       used 128971K, committed 130048K, reserved 1179648K
  class space    used 16629K, committed 17088K, reserved 1048576K
}
Event: 119.524 GC heap before
{Heap before GC invocations=63 (full 0):
 garbage-first heap   total 561152K, used 464151K [0x0000000701e00000, 0x0000000800000000)
  region size 2048K, 47 young (96256K), 7 survivors (14336K)
 Metaspace       used 141270K, committed 142336K, reserved 1179648K
  class space    used 18042K, committed 18496K, reserved 1048576K
}
Event: 119.543 GC heap after
{Heap after GC invocations=64 (full 0):
 garbage-first heap   total 561152K, used 388292K [0x0000000701e00000, 0x0000000800000000)
  region size 2048K, 3 young (6144K), 3 survivors (6144K)
 Metaspace       used 141270K, committed 142336K, reserved 1179648K
  class space    used 18042K, committed 18496K, reserved 1048576K
}
Event: 121.217 GC heap before
{Heap before GC invocations=64 (full 0):
 garbage-first heap   total 561152K, used 470212K [0x0000000701e00000, 0x0000000800000000)
  region size 2048K, 43 young (88064K), 3 survivors (6144K)
 Metaspace       used 152792K, committed 153792K, reserved 1245184K
  class space    used 19531K, committed 19968K, reserved 1048576K
}
Event: 121.226 GC heap after
{Heap after GC invocations=65 (full 0):
 garbage-first heap   total 561152K, used 389407K [0x0000000701e00000, 0x0000000800000000)
  region size 2048K, 4 young (8192K), 4 survivors (8192K)
 Metaspace       used 152792K, committed 153792K, reserved 1245184K
  class space    used 19531K, committed 19968K, reserved 1048576K
}

