<?xml version="1.0" encoding="UTF-8"?>
<testsuite xmlns:xsi="http://www.w3.org/2001/XMLSchema-instance" xsi:noNamespaceSchemaLocation="https://maven.apache.org/surefire/maven-surefire-plugin/xsd/surefire-test-report-3.0.xsd" version="3.0" name="com.example.assistant_therapeutique.controller.AuthControllerTest" time="5.367" tests="4" errors="0" skipped="0" failures="0">
  <properties>
[...]
</properties>
  <testcase name="loginUser_WithInvalidCredentials_ShouldReturnUnauthorized" classname="com.example.assistant_therapeutique.controller.AuthControllerTest" time="0.587">
    <system-out><![CDATA[10:22:29.790 [main] DEBUG org.springframework.test.context.BootstrapUtils - Instantiating CacheAwareContextLoaderDelegate from class [org.springframework.test.context.cache.DefaultCacheAwareContextLoaderDelegate]
10:22:29.811 [main] DEBUG org.springframework.test.context.BootstrapUtils - Instantiating BootstrapContext using constructor [public org.springframework.test.context.support.DefaultBootstrapContext(java.lang.Class,org.springframework.test.context.CacheAwareContextLoaderDelegate)]
10:22:29.918 [main] DEBUG org.springframework.test.context.BootstrapUtils - Instantiating TestContextBootstrapper for test class [com.example.assistant_therapeutique.controller.AuthControllerTest] from class [org.springframework.boot.test.autoconfigure.web.servlet.WebMvcTestContextBootstrapper]
10:22:29.948 [main] INFO org.springframework.boot.test.autoconfigure.web.servlet.WebMvcTestContextBootstrapper - Neither @ContextConfiguration nor @ContextHierarchy found for test class [com.example.assistant_therapeutique.controller.AuthControllerTest], using SpringBootContextLoader
10:22:29.960 [main] DEBUG org.springframework.test.context.support.AbstractContextLoader - Did not detect default resource location for test class [com.example.assistant_therapeutique.controller.AuthControllerTest]: class path resource [com/example/assistant_therapeutique/controller/AuthControllerTest-context.xml] does not exist
10:22:29.960 [main] DEBUG org.springframework.test.context.support.AbstractContextLoader - Did not detect default resource location for test class [com.example.assistant_therapeutique.controller.AuthControllerTest]: class path resource [com/example/assistant_therapeutique/controller/AuthControllerTestContext.groovy] does not exist
10:22:29.960 [main] INFO org.springframework.test.context.support.AbstractContextLoader - Could not detect default resource locations for test class [com.example.assistant_therapeutique.controller.AuthControllerTest]: no resource found for suffixes {-context.xml, Context.groovy}.
10:22:29.962 [main] INFO org.springframework.test.context.support.AnnotationConfigContextLoaderUtils - Could not detect default configuration classes for test class [com.example.assistant_therapeutique.controller.AuthControllerTest]: AuthControllerTest does not declare any static, non-private, non-final, nested classes annotated with @Configuration.
10:22:30.138 [main] DEBUG org.springframework.test.context.support.ActiveProfilesUtils - Could not find an 'annotation declaring class' for annotation type [org.springframework.test.context.ActiveProfiles] and class [com.example.assistant_therapeutique.controller.AuthControllerTest]
10:22:30.332 [main] DEBUG org.springframework.context.annotation.ClassPathScanningCandidateComponentProvider - Identified candidate component class: file [C:\Users\abder\Desktop\5IIR\Dev MultiPlatforme\Assistant-thearpeutique\Backend_Assistant_therapeutique\target\classes\com\example\assistant_therapeutique\AssistantTherapeutiqueApplication.class]
10:22:30.336 [main] INFO org.springframework.boot.test.context.SpringBootTestContextBootstrapper - Found @SpringBootConfiguration com.example.assistant_therapeutique.AssistantTherapeutiqueApplication for test class com.example.assistant_therapeutique.controller.AuthControllerTest
10:22:30.342 [main] DEBUG org.springframework.boot.test.autoconfigure.web.servlet.WebMvcTestContextBootstrapper - @TestExecutionListeners is not present for class [com.example.assistant_therapeutique.controller.AuthControllerTest]: using defaults.
10:22:30.342 [main] INFO org.springframework.boot.test.autoconfigure.web.servlet.WebMvcTestContextBootstrapper - Loaded default TestExecutionListener class names from location [META-INF/spring.factories]: [org.springframework.boot.test.mock.mockito.MockitoTestExecutionListener, org.springframework.boot.test.mock.mockito.ResetMocksTestExecutionListener, org.springframework.boot.test.autoconfigure.restdocs.RestDocsTestExecutionListener, org.springframework.boot.test.autoconfigure.web.client.MockRestServiceServerResetTestExecutionListener, org.springframework.boot.test.autoconfigure.web.servlet.MockMvcPrintOnlyOnFailureTestExecutionListener, org.springframework.boot.test.autoconfigure.web.servlet.WebDriverTestExecutionListener, org.springframework.boot.test.autoconfigure.webservices.client.MockWebServiceServerTestExecutionListener, org.springframework.test.context.web.ServletTestExecutionListener, org.springframework.test.context.support.DirtiesContextBeforeModesTestExecutionListener, org.springframework.test.context.event.ApplicationEventsTestExecutionListener, org.springframework.test.context.support.DependencyInjectionTestExecutionListener, org.springframework.test.context.support.DirtiesContextTestExecutionListener, org.springframework.test.context.transaction.TransactionalTestExecutionListener, org.springframework.test.context.jdbc.SqlScriptsTestExecutionListener, org.springframework.test.context.event.EventPublishingTestExecutionListener]
10:22:30.382 [main] INFO org.springframework.boot.test.autoconfigure.web.servlet.WebMvcTestContextBootstrapper - Using TestExecutionListeners: [org.springframework.test.context.web.ServletTestExecutionListener@316cda31, org.springframework.test.context.support.DirtiesContextBeforeModesTestExecutionListener@50110971, org.springframework.test.context.event.ApplicationEventsTestExecutionListener@17d2b075, org.springframework.boot.test.mock.mockito.MockitoTestExecutionListener@6661d8c0, org.springframework.boot.test.autoconfigure.SpringBootDependencyInjectionTestExecutionListener@310b2b6f, org.springframework.test.context.support.DirtiesContextTestExecutionListener@6909f6be, org.springframework.test.context.transaction.TransactionalTestExecutionListener@6b5ab2f2, org.springframework.test.context.jdbc.SqlScriptsTestExecutionListener@315c081, org.springframework.test.context.event.EventPublishingTestExecutionListener@6b2dd3df, org.springframework.boot.test.mock.mockito.ResetMocksTestExecutionListener@4db77402, org.springframework.boot.test.autoconfigure.restdocs.RestDocsTestExecutionListener@73c48264, org.springframework.boot.test.autoconfigure.web.client.MockRestServiceServerResetTestExecutionListener@5ef85555, org.springframework.boot.test.autoconfigure.web.servlet.MockMvcPrintOnlyOnFailureTestExecutionListener@5bcec67e, org.springframework.boot.test.autoconfigure.web.servlet.WebDriverTestExecutionListener@2dafae61, org.springframework.boot.test.autoconfigure.webservices.client.MockWebServiceServerTestExecutionListener@7a2fce12]
10:22:30.389 [main] DEBUG org.springframework.test.context.support.AbstractDirtiesContextTestExecutionListener - Before test class: context [DefaultTestContext@2eda4eeb testClass = AuthControllerTest, testInstance = [null], testMethod = [null], testException = [null], mergedContextConfiguration = [WebMergedContextConfiguration@5ba90d8a testClass = AuthControllerTest, locations = '{}', classes = '{class com.example.assistant_therapeutique.AssistantTherapeutiqueApplication}', contextInitializerClasses = '[]', activeProfiles = '{}', propertySourceLocations = '{}', propertySourceProperties = '{org.springframework.boot.test.autoconfigure.web.servlet.WebMvcTestContextBootstrapper=true}', contextCustomizers = set[[ImportsContextCustomizer@309dcdf3 key = [org.springframework.boot.autoconfigure.cache.CacheAutoConfiguration, org.springframework.boot.autoconfigure.context.MessageSourceAutoConfiguration, org.springframework.boot.autoconfigure.data.web.SpringDataWebAutoConfiguration, org.springframework.boot.autoconfigure.freemarker.FreeMarkerAutoConfiguration, org.springframework.boot.autoconfigure.groovy.template.GroovyTemplateAutoConfiguration, org.springframework.boot.autoconfigure.gson.GsonAutoConfiguration, org.springframework.boot.autoconfigure.hateoas.HypermediaAutoConfiguration, org.springframework.boot.autoconfigure.http.HttpMessageConvertersAutoConfiguration, org.springframework.boot.autoconfigure.jackson.JacksonAutoConfiguration, org.springframework.boot.autoconfigure.jsonb.JsonbAutoConfiguration, org.springframework.boot.autoconfigure.mustache.MustacheAutoConfiguration, org.springframework.boot.autoconfigure.task.TaskExecutionAutoConfiguration, org.springframework.boot.autoconfigure.thymeleaf.ThymeleafAutoConfiguration, org.springframework.boot.autoconfigure.validation.ValidationAutoConfiguration, org.springframework.boot.autoconfigure.web.servlet.error.ErrorMvcAutoConfiguration, org.springframework.boot.autoconfigure.web.servlet.HttpEncodingAutoConfiguration, org.springframework.boot.autoconfigure.web.servlet.WebMvcAutoConfiguration, org.springframework.boot.test.autoconfigure.web.servlet.MockMvcAutoConfiguration, org.springframework.boot.test.autoconfigure.web.servlet.MockMvcWebClientAutoConfiguration, org.springframework.boot.test.autoconfigure.web.servlet.MockMvcWebDriverAutoConfiguration, org.springframework.boot.autoconfigure.security.oauth2.client.servlet.OAuth2ClientAutoConfiguration, org.springframework.boot.autoconfigure.security.oauth2.resource.servlet.OAuth2ResourceServerAutoConfiguration, org.springframework.boot.autoconfigure.security.servlet.SecurityAutoConfiguration, org.springframework.boot.autoconfigure.security.servlet.SecurityFilterAutoConfiguration, org.springframework.boot.autoconfigure.security.servlet.UserDetailsServiceAutoConfiguration, org.springframework.boot.test.autoconfigure.web.servlet.MockMvcSecurityConfiguration, org.springframework.boot.test.autoconfigure.web.reactive.WebTestClientAutoConfiguration]], org.springframework.boot.test.context.filter.ExcludeFilterContextCustomizer@56476c16, org.springframework.boot.test.json.DuplicateJsonObjectContextCustomizerFactory$DuplicateJsonObjectContextCustomizer@56e9a474, org.springframework.boot.test.mock.mockito.MockitoContextCustomizer@c2ad3c7, org.springframework.boot.test.autoconfigure.OverrideAutoConfigurationContextCustomizerFactory$DisableAutoConfigurationContextCustomizer@753fd7a1, org.springframework.boot.test.autoconfigure.actuate.metrics.MetricsExportContextCustomizerFactory$DisableMetricExportContextCustomizer@3bf54172, org.springframework.boot.test.autoconfigure.filter.TypeExcludeFiltersContextCustomizer@6deadb47, org.springframework.boot.test.autoconfigure.properties.PropertyMappingContextCustomizer@c51c745, org.springframework.boot.test.autoconfigure.web.servlet.WebDriverContextCustomizerFactory$Customizer@30ec7d21, org.springframework.boot.test.context.SpringBootTestArgs@1, org.springframework.boot.test.context.SpringBootTestWebEnvironment@0], resourceBasePath = 'src/main/webapp', contextLoader = 'org.springframework.boot.test.context.SpringBootContextLoader', parent = [null]], attributes = map[[empty]]], class annotated with @DirtiesContext [false] with mode [null].

  .   ____          _            __ _ _
 /\\ / ___'_ __ _ _(_)_ __  __ _ \ \ \ \
( ( )\___ | '_ | '_| | '_ \/ _` | \ \ \ \
 \\/  ___)| |_)| | | | | || (_| |  ) ) ) )
  '  |____| .__|_| |_|_| |_\__, | / / / /
 =========|_|==============|___/=/_/_/_/
 :: Spring Boot ::                (v2.7.5)

2025-12-22 10:22:31.151  INFO 11640 --- [           main] c.e.a.controller.AuthControllerTest      : Starting AuthControllerTest using Java 17.0.12 on Abderrahmane with PID 11640 (started by abder in C:\Users\abder\Desktop\5IIR\Dev MultiPlatforme\Assistant-thearpeutique\Backend_Assistant_therapeutique)
2025-12-22 10:22:31.155  INFO 11640 --- [           main] c.e.a.controller.AuthControllerTest      : No active profile set, falling back to 1 default profile: "default"
2025-12-22 10:22:34.314  INFO 11640 --- [           main] o.s.b.t.m.w.SpringBootMockServletContext : Initializing Spring TestDispatcherServlet ''
2025-12-22 10:22:34.314  INFO 11640 --- [           main] o.s.t.web.servlet.TestDispatcherServlet  : Initializing Servlet ''
2025-12-22 10:22:34.314  INFO 11640 --- [           main] o.s.t.web.servlet.TestDispatcherServlet  : Completed initialization in 0 ms
2025-12-22 10:22:34.373  INFO 11640 --- [           main] c.e.a.controller.AuthControllerTest      : Started AuthControllerTest in 3.877 seconds (JVM running for 7.307)
]]></system-out>
  </testcase>
  <testcase name="loginUser_WithValidCredentials_ShouldReturnSuccess" classname="com.example.assistant_therapeutique.controller.AuthControllerTest" time="0.016"/>
  <testcase name="loginUser_WithUnknownUser_ShouldReturnUnauthorized" classname="com.example.assistant_therapeutique.controller.AuthControllerTest" time="0.01"/>
  <testcase name="registerUser_ShouldReturnCreated" classname="com.example.assistant_therapeutique.controller.AuthControllerTest" time="0.02"/>
</testsuite>