<?xml version="1.0" encoding="UTF-8"?>
<testsuite xmlns:xsi="http://www.w3.org/2001/XMLSchema-instance" xsi:noNamespaceSchemaLocation="https://maven.apache.org/surefire/maven-surefire-plugin/xsd/surefire-test-report-3.0.xsd" version="3.0" name="com.example.assistant_therapeutique.controller.AuthControllerTest" time="8.063" tests="4" errors="0" skipped="0" failures="0">
  <properties>
[...]
</properties>
  <testcase name="loginUser_WithInvalidCredentials_ShouldReturnUnauthorized" classname="com.example.assistant_therapeutique.controller.AuthControllerTest" time="0.603">
    <system-out><![CDATA[18:18:14.521 [main] DEBUG org.springframework.test.context.BootstrapUtils - Instantiating CacheAwareContextLoaderDelegate from class [org.springframework.test.context.cache.DefaultCacheAwareContextLoaderDelegate]
18:18:14.572 [main] DEBUG org.springframework.test.context.BootstrapUtils - Instantiating BootstrapContext using constructor [public org.springframework.test.context.support.DefaultBootstrapContext(java.lang.Class,org.springframework.test.context.CacheAwareContextLoaderDelegate)]
18:18:14.754 [main] DEBUG org.springframework.test.context.BootstrapUtils - Instantiating TestContextBootstrapper for test class [com.example.assistant_therapeutique.controller.AuthControllerTest] from class [org.springframework.boot.test.autoconfigure.web.servlet.WebMvcTestContextBootstrapper]
18:18:14.792 [main] INFO org.springframework.boot.test.autoconfigure.web.servlet.WebMvcTestContextBootstrapper - Neither @ContextConfiguration nor @ContextHierarchy found for test class [com.example.assistant_therapeutique.controller.AuthControllerTest], using SpringBootContextLoader
18:18:14.810 [main] DEBUG org.springframework.test.context.support.AbstractContextLoader - Did not detect default resource location for test class [com.example.assistant_therapeutique.controller.AuthControllerTest]: class path resource [com/example/assistant_therapeutique/controller/AuthControllerTest-context.xml] does not exist
18:18:14.811 [main] DEBUG org.springframework.test.context.support.AbstractContextLoader - Did not detect default resource location for test class [com.example.assistant_therapeutique.controller.AuthControllerTest]: class path resource [com/example/assistant_therapeutique/controller/AuthControllerTestContext.groovy] does not exist
18:18:14.812 [main] INFO org.springframework.test.context.support.AbstractContextLoader - Could not detect default resource locations for test class [com.example.assistant_therapeutique.controller.AuthControllerTest]: no resource found for suffixes {-context.xml, Context.groovy}.
18:18:14.815 [main] INFO org.springframework.test.context.support.AnnotationConfigContextLoaderUtils - Could not detect default configuration classes for test class [com.example.assistant_therapeutique.controller.AuthControllerTest]: AuthControllerTest does not declare any static, non-private, non-final, nested classes annotated with @Configuration.
18:18:15.155 [main] DEBUG org.springframework.test.context.support.ActiveProfilesUtils - Could not find an 'annotation declaring class' for annotation type [org.springframework.test.context.ActiveProfiles] and class [com.example.assistant_therapeutique.controller.AuthControllerTest]
18:18:15.511 [main] DEBUG org.springframework.context.annotation.ClassPathScanningCandidateComponentProvider - Identified candidate component class: file [C:\Users\abder\Desktop\5IIR\Dev MultiPlatforme\Assistant-thearpeutique\Backend_Assistant_therapeutique\target\classes\com\example\assistant_therapeutique\AssistantTherapeutiqueApplication.class]
18:18:15.515 [main] INFO org.springframework.boot.test.context.SpringBootTestContextBootstrapper - Found @SpringBootConfiguration com.example.assistant_therapeutique.AssistantTherapeutiqueApplication for test class com.example.assistant_therapeutique.controller.AuthControllerTest
18:18:15.528 [main] DEBUG org.springframework.boot.test.autoconfigure.web.servlet.WebMvcTestContextBootstrapper - @TestExecutionListeners is not present for class [com.example.assistant_therapeutique.controller.AuthControllerTest]: using defaults.
18:18:15.530 [main] INFO org.springframework.boot.test.autoconfigure.web.servlet.WebMvcTestContextBootstrapper - Loaded default TestExecutionListener class names from location [META-INF/spring.factories]: [org.springframework.boot.test.mock.mockito.MockitoTestExecutionListener, org.springframework.boot.test.mock.mockito.ResetMocksTestExecutionListener, org.springframework.boot.test.autoconfigure.restdocs.RestDocsTestExecutionListener, org.springframework.boot.test.autoconfigure.web.client.MockRestServiceServerResetTestExecutionListener, org.springframework.boot.test.autoconfigure.web.servlet.MockMvcPrintOnlyOnFailureTestExecutionListener, org.springframework.boot.test.autoconfigure.web.servlet.WebDriverTestExecutionListener, org.springframework.boot.test.autoconfigure.webservices.client.MockWebServiceServerTestExecutionListener, org.springframework.test.context.web.ServletTestExecutionListener, org.springframework.test.context.support.DirtiesContextBeforeModesTestExecutionListener, org.springframework.test.context.event.ApplicationEventsTestExecutionListener, org.springframework.test.context.support.DependencyInjectionTestExecutionListener, org.springframework.test.context.support.DirtiesContextTestExecutionListener, org.springframework.test.context.transaction.TransactionalTestExecutionListener, org.springframework.test.context.jdbc.SqlScriptsTestExecutionListener, org.springframework.test.context.event.EventPublishingTestExecutionListener]
18:18:15.615 [main] INFO org.springframework.boot.test.autoconfigure.web.servlet.WebMvcTestContextBootstrapper - Using TestExecutionListeners: [org.springframework.test.context.web.ServletTestExecutionListener@736309a9, org.springframework.test.context.support.DirtiesContextBeforeModesTestExecutionListener@4e93dcb9, org.springframework.test.context.event.ApplicationEventsTestExecutionListener@188b6035, org.springframework.boot.test.mock.mockito.MockitoTestExecutionListener@4a34e9f, org.springframework.boot.test.autoconfigure.SpringBootDependencyInjectionTestExecutionListener@6f6621e3, org.springframework.test.context.support.DirtiesContextTestExecutionListener@3fc05ea2, org.springframework.test.context.transaction.TransactionalTestExecutionListener@7c891ba7, org.springframework.test.context.jdbc.SqlScriptsTestExecutionListener@6240651f, org.springframework.test.context.event.EventPublishingTestExecutionListener@3cf7298d, org.springframework.boot.test.mock.mockito.ResetMocksTestExecutionListener@1ff55ff, org.springframework.boot.test.autoconfigure.restdocs.RestDocsTestExecutionListener@351f2244, org.springframework.boot.test.autoconfigure.web.client.MockRestServiceServerResetTestExecutionListener@5496c165, org.springframework.boot.test.autoconfigure.web.servlet.MockMvcPrintOnlyOnFailureTestExecutionListener@51a8313b, org.springframework.boot.test.autoconfigure.web.servlet.WebDriverTestExecutionListener@2a03d65c, org.springframework.boot.test.autoconfigure.webservices.client.MockWebServiceServerTestExecutionListener@6642dc5a]
18:18:15.630 [main] DEBUG org.springframework.test.context.support.AbstractDirtiesContextTestExecutionListener - Before test class: context [DefaultTestContext@5eb2172 testClass = AuthControllerTest, testInstance = [null], testMethod = [null], testException = [null], mergedContextConfiguration = [WebMergedContextConfiguration@41ffaeb8 testClass = AuthControllerTest, locations = '{}', classes = '{class com.example.assistant_therapeutique.AssistantTherapeutiqueApplication}', contextInitializerClasses = '[]', activeProfiles = '{}', propertySourceLocations = '{}', propertySourceProperties = '{org.springframework.boot.test.autoconfigure.web.servlet.WebMvcTestContextBootstrapper=true}', contextCustomizers = set[[ImportsContextCustomizer@43f0c2d1 key = [org.springframework.boot.autoconfigure.cache.CacheAutoConfiguration, org.springframework.boot.autoconfigure.context.MessageSourceAutoConfiguration, org.springframework.boot.autoconfigure.data.web.SpringDataWebAutoConfiguration, org.springframework.boot.autoconfigure.freemarker.FreeMarkerAutoConfiguration, org.springframework.boot.autoconfigure.groovy.template.GroovyTemplateAutoConfiguration, org.springframework.boot.autoconfigure.gson.GsonAutoConfiguration, org.springframework.boot.autoconfigure.hateoas.HypermediaAutoConfiguration, org.springframework.boot.autoconfigure.http.HttpMessageConvertersAutoConfiguration, org.springframework.boot.autoconfigure.jackson.JacksonAutoConfiguration, org.springframework.boot.autoconfigure.jsonb.JsonbAutoConfiguration, org.springframework.boot.autoconfigure.mustache.MustacheAutoConfiguration, org.springframework.boot.autoconfigure.task.TaskExecutionAutoConfiguration, org.springframework.boot.autoconfigure.thymeleaf.ThymeleafAutoConfiguration, org.springframework.boot.autoconfigure.validation.ValidationAutoConfiguration, org.springframework.boot.autoconfigure.web.servlet.error.ErrorMvcAutoConfiguration, org.springframework.boot.autoconfigure.web.servlet.HttpEncodingAutoConfiguration, org.springframework.boot.autoconfigure.web.servlet.WebMvcAutoConfiguration, org.springframework.boot.test.autoconfigure.web.servlet.MockMvcAutoConfiguration, org.springframework.boot.test.autoconfigure.web.servlet.MockMvcWebClientAutoConfiguration, org.springframework.boot.test.autoconfigure.web.servlet.MockMvcWebDriverAutoConfiguration, org.springframework.boot.autoconfigure.security.oauth2.client.servlet.OAuth2ClientAutoConfiguration, org.springframework.boot.autoconfigure.security.oauth2.resource.servlet.OAuth2ResourceServerAutoConfiguration, org.springframework.boot.autoconfigure.security.servlet.SecurityAutoConfiguration, org.springframework.boot.autoconfigure.security.servlet.SecurityFilterAutoConfiguration, org.springframework.boot.autoconfigure.security.servlet.UserDetailsServiceAutoConfiguration, org.springframework.boot.test.autoconfigure.web.servlet.MockMvcSecurityConfiguration, org.springframework.boot.test.autoconfigure.web.reactive.WebTestClientAutoConfiguration]], org.springframework.boot.test.context.filter.ExcludeFilterContextCustomizer@21f9277b, org.springframework.boot.test.json.DuplicateJsonObjectContextCustomizerFactory$DuplicateJsonObjectContextCustomizer@3a095ec0, org.springframework.boot.test.mock.mockito.MockitoContextCustomizer@41dba687, org.springframework.boot.test.autoconfigure.OverrideAutoConfigurationContextCustomizerFactory$DisableAutoConfigurationContextCustomizer@304a3655, org.springframework.boot.test.autoconfigure.actuate.metrics.MetricsExportContextCustomizerFactory$DisableMetricExportContextCustomizer@37095ded, org.springframework.boot.test.autoconfigure.filter.TypeExcludeFiltersContextCustomizer@d5175875, org.springframework.boot.test.autoconfigure.properties.PropertyMappingContextCustomizer@3a3f59f2, org.springframework.boot.test.autoconfigure.web.servlet.WebDriverContextCustomizerFactory$Customizer@ecfbe91, org.springframework.boot.test.context.SpringBootTestArgs@1, org.springframework.boot.test.context.SpringBootTestWebEnvironment@0], resourceBasePath = 'src/main/webapp', contextLoader = 'org.springframework.boot.test.context.SpringBootContextLoader', parent = [null]], attributes = map[[empty]]], class annotated with @DirtiesContext [false] with mode [null].

  .   ____          _            __ _ _
 /\\ / ___'_ __ _ _(_)_ __  __ _ \ \ \ \
( ( )\___ | '_ | '_| | '_ \/ _` | \ \ \ \
 \\/  ___)| |_)| | | | | || (_| |  ) ) ) )
  '  |____| .__|_| |_|_| |_\__, | / / / /
 =========|_|==============|___/=/_/_/_/
 :: Spring Boot ::                (v2.7.5)

2025-12-18 18:18:17.265  INFO 6256 --- [           main] c.e.a.controller.AuthControllerTest      : Starting AuthControllerTest using Java 17.0.12 on Abderrahmane with PID 6256 (started by abder in C:\Users\abder\Desktop\5IIR\Dev MultiPlatforme\Assistant-thearpeutique\Backend_Assistant_therapeutique)
2025-12-18 18:18:17.270  INFO 6256 --- [           main] c.e.a.controller.AuthControllerTest      : No active profile set, falling back to 1 default profile: "default"
2025-12-18 18:18:21.500  INFO 6256 --- [           main] o.s.b.t.m.w.SpringBootMockServletContext : Initializing Spring TestDispatcherServlet ''
2025-12-18 18:18:21.500  INFO 6256 --- [           main] o.s.t.web.servlet.TestDispatcherServlet  : Initializing Servlet ''
2025-12-18 18:18:21.502  INFO 6256 --- [           main] o.s.t.web.servlet.TestDispatcherServlet  : Completed initialization in 2 ms
2025-12-18 18:18:21.579  INFO 6256 --- [           main] c.e.a.controller.AuthControllerTest      : Started AuthControllerTest in 5.697 seconds (JVM running for 10.08)
]]></system-out>
  </testcase>
  <testcase name="loginUser_WithValidCredentials_ShouldReturnSuccess" classname="com.example.assistant_therapeutique.controller.AuthControllerTest" time="0.015"/>
  <testcase name="loginUser_WithUnknownUser_ShouldReturnUnauthorized" classname="com.example.assistant_therapeutique.controller.AuthControllerTest" time="0.013"/>
  <testcase name="registerUser_ShouldReturnCreated" classname="com.example.assistant_therapeutique.controller.AuthControllerTest" time="0.016"/>
</testsuite>